0 info it worked if it ends with ok
1 verbose cli [ '/usr/bin/node', '/usr/bin/npm', 'install' ]
2 info using npm@3.10.10
3 info using node@v6.13.1
4 silly loadCurrentTree Starting
5 silly install loadCurrentTree
6 silly install readLocalPackageData
7 silly install normalizeTree
8 silly loadCurrentTree Finishing
9 silly loadIdealTree Starting
10 silly install loadIdealTree
11 silly cloneCurrentTree Starting
12 silly install cloneCurrentTreeToIdealTree
13 silly cloneCurrentTree Finishing
14 silly loadShrinkwrap Starting
15 silly install loadShrinkwrap
16 silly loadShrinkwrap Finishing
17 silly loadAllDepsIntoIdealTree Starting
18 silly install loadAllDepsIntoIdealTree
19 silly loadAllDepsIntoIdealTree Finishing
20 silly loadIdealTree Finishing
21 silly currentTree public_html
22 silly idealTree public_html
23 silly generateActionsToTake Starting
24 silly install generateActionsToTake
25 silly generateActionsToTake Finishing
26 silly diffTrees action count 0
27 silly decomposeActions action count 0
28 silly runTopLevelLifecycles Starting
29 silly install runPreinstallTopLevelLifecycles
30 silly preinstall public_html /home/125541.cloudwaysapps.com/sxxkmarttt/public_html/public_html-78d0918b
31 info lifecycle undefined~preinstall: undefined
32 silly lifecycle undefined~preinstall: no script for preinstall, continuing
33 silly executeActions Starting
34 silly install executeActions
35 silly doSerial global-install 0
36 silly doParallel fetch 0
37 verbose correctMkdir /home/125541.cloudwaysapps.com/sxxkmarttt/.npm/_locks correctMkdir not in flight; initializing
38 verbose makeDirectory /home/125541.cloudwaysapps.com/sxxkmarttt/.npm/_locks creation not in flight; initializing
39 silly makeDirectory /home/125541.cloudwaysapps.com/sxxkmarttt/.npm/_locks uid: 1103 gid: 33
40 silly rollbackFailedOptional Starting
41 silly rollbackFailedOptional Finishing
42 silly runTopLevelLifecycles Finishing
43 silly install printInstalled
44 warn enoent ENOENT: no such file or directory, open '/home/125541.cloudwaysapps.com/sxxkmarttt/public_html/package.json'
45 verbose enoent ENOENT: no such file or directory, open '/home/125541.cloudwaysapps.com/sxxkmarttt/public_html/package.json'
45 verbose enoent This is most likely not a problem with npm itself
45 verbose enoent and is related to npm not being able to find a file.
46 warn public_html No description
47 verbose If you need help, you may report this error at:
47 verbose     <https://github.com/npm/npm/issues>
48 warn public_html No repository field.
49 verbose If you need help, you may report this error at:
49 verbose     <https://github.com/npm/npm/issues>
50 warn public_html No README data
51 verbose If you need help, you may report this error at:
51 verbose     <https://github.com/npm/npm/issues>
52 warn public_html No license field.
53 verbose If you need help, you may report this error at:
53 verbose     <https://github.com/npm/npm/issues>
54 verbose stack Error: EACCES: permission denied, mkdir '/home/125541.cloudwaysapps.com/sxxkmarttt/.npm'
54 verbose stack     at Error (native)
55 verbose cwd /home/125541.cloudwaysapps.com/sxxkmarttt/public_html
56 error Linux 3.16.0-5-amd64
57 error argv "/usr/bin/node" "/usr/bin/npm" "install"
58 error node v6.13.1
59 error npm  v3.10.10
60 error path /home/125541.cloudwaysapps.com/sxxkmarttt/.npm
61 error code EACCES
62 error errno -13
63 error syscall mkdir
64 error Error: EACCES: permission denied, mkdir '/home/125541.cloudwaysapps.com/sxxkmarttt/.npm'
64 error     at Error (native)
64 error  { Error: EACCES: permission denied, mkdir '/home/125541.cloudwaysapps.com/sxxkmarttt/.npm'
64 error     at Error (native)
64 error   errno: -13,
64 error   code: 'EACCES',
64 error   syscall: 'mkdir',
64 error   path: '/home/125541.cloudwaysapps.com/sxxkmarttt/.npm' }
65 error Please try running this command again as root/Administrator.
66 verbose exit [ -13, true ]
